<?xml version="1.0" encoding="UTF-8"?>
<testng-results ignored="0" total="1" passed="1" failed="0" skipped="0">
  <reporter-output>
  </reporter-output>
  <suite started-at="2026-02-06T10:06:32 IST" name="Default suite" finished-at="2026-02-06T10:06:55 IST" duration-ms="22859">
    <groups>
    </groups>
    <test started-at="2026-02-06T10:06:32 IST" name="Default test" finished-at="2026-02-06T10:06:55 IST" duration-ms="22859">
      <class name="selenium.NewTest">
        <test-method signature="f()[pri:0, instance:selenium.NewTest@7bba5817]" started-at="2026-02-06T10:06:32 IST" name="f" finished-at="2026-02-06T10:06:55 IST" duration-ms="22792" status="PASS">
          <reporter-output>
          </reporter-output>
        </test-method> <!-- f -->
      </class> <!-- selenium.NewTest -->
    </test> <!-- Default test -->
  </suite> <!-- Default suite -->
</testng-results>
