<?xml version="1.0" encoding="UTF-8"?>
<testng-results ignored="0" total="1" passed="1" failed="0" skipped="0">
  <reporter-output>
  </reporter-output>
  <suite started-at="2026-02-06T15:49:07 IST" name="Default suite" finished-at="2026-02-06T15:49:36 IST" duration-ms="28664">
    <groups>
    </groups>
    <test started-at="2026-02-06T15:49:07 IST" name="Default test" finished-at="2026-02-06T15:49:36 IST" duration-ms="28664">
      <class name="selenium.NewTest">
        <test-method is-config="true" signature="setupReport()[pri:0, instance:selenium.NewTest@3f191845]" started-at="2026-02-06T15:49:07 IST" name="setupReport" finished-at="2026-02-06T15:49:08 IST" duration-ms="756" status="PASS">
          <reporter-output>
          </reporter-output>
        </test-method> <!-- setupReport -->
        <test-method signature="f()[pri:0, instance:selenium.NewTest@3f191845]" started-at="2026-02-06T15:49:08 IST" name="f" finished-at="2026-02-06T15:49:35 IST" duration-ms="27303" status="PASS">
          <reporter-output>
          </reporter-output>
        </test-method> <!-- f -->
        <test-method is-config="true" signature="tearDown()[pri:0, instance:selenium.NewTest@3f191845]" started-at="2026-02-06T15:49:35 IST" name="tearDown" finished-at="2026-02-06T15:49:36 IST" duration-ms="507" status="PASS">
          <reporter-output>
          </reporter-output>
        </test-method> <!-- tearDown -->
      </class> <!-- selenium.NewTest -->
    </test> <!-- Default test -->
  </suite> <!-- Default suite -->
</testng-results>
